# JRE version: Java(TM) SE Runtime Environment 18.9 (11.0.11+9) (build 11.0.11+9-LTS-194)
# Java VM: Java HotSpot(TM) 64-Bit Server VM 18.9 (11.0.11+9-LTS-194, mixed mode, tiered, compressed oops, g1 gc, windows-amd64)
Heap:
 garbage-first heap   total 131072K, used 31669K [0x0000000080e00000, 0x0000000100000000)
  region size 1024K, 12 young (12288K), 5 survivors (5120K)
 Metaspace       used 41615K, capacity 42869K, committed 43164K, reserved 1087488K
  class space    used 5070K, capacity 5580K, committed 5632K, reserved 1048576K
GC Heap History (10 events):
Event: 22.692 GC heap before
{Heap before GC invocations=3 (full 0):
 garbage-first heap   total 131072K, used 25458K [0x0000000080e00000, 0x0000000100000000)
  region size 1024K, 23 young (23552K), 6 survivors (6144K)
 Metaspace       used 22490K, capacity 23094K, committed 23344K, reserved 1069056K
  class space    used 2672K, capacity 2920K, committed 2944K, reserved 1048576K
}
Event: 22.707 GC heap after
{Heap after GC invocations=4 (full 0):
 garbage-first heap   total 131072K, used 9182K [0x0000000080e00000, 0x0000000100000000)
  region size 1024K, 2 young (2048K), 2 survivors (2048K)
 Metaspace       used 22490K, capacity 23094K, committed 23344K, reserved 1069056K
  class space    used 2672K, capacity 2920K, committed 2944K, reserved 1048576K
}
Event: 33.661 GC heap before
{Heap before GC invocations=4 (full 0):
 garbage-first heap   total 131072K, used 55262K [0x0000000080e00000, 0x0000000100000000)
  region size 1024K, 47 young (48128K), 2 survivors (2048K)
 Metaspace       used 29279K, capacity 29988K, committed 30000K, reserved 1075200K
  class space    used 3640K, capacity 3963K, committed 3968K, reserved 1048576K
}
Event: 33.719 GC heap after
{Heap after GC invocations=5 (full 0):
 garbage-first heap   total 131072K, used 12498K [0x0000000080e00000, 0x0000000100000000)
  region size 1024K, 5 young (5120K), 5 survivors (5120K)
 Metaspace       used 29279K, capacity 29988K, committed 30000K, reserved 1075200K
  class space    used 3640K, capacity 3963K, committed 3968K, reserved 1048576K
}
Event: 50.047 GC heap before
{Heap before GC invocations=5 (full 0):
 garbage-first heap   total 131072K, used 64722K [0x0000000080e00000, 0x0000000100000000)
  region size 1024K, 57 young (58368K), 5 survivors (5120K)
 Metaspace       used 34752K, capacity 35835K, committed 35888K, reserved 1081344K
  class space    used 4313K, capacity 4728K, committed 4736K, reserved 1048576K
}
Event: 50.065 GC heap after
{Heap after GC invocations=6 (full 0):
 garbage-first heap   total 131072K, used 21663K [0x0000000080e00000, 0x0000000100000000)
  region size 1024K, 8 young (8192K), 8 survivors (8192K)
 Metaspace       used 34752K, capacity 35835K, committed 35888K, reserved 1081344K
  class space    used 4313K, capacity 4728K, committed 4736K, reserved 1048576K
}
Event: 56.429 GC heap before
{Heap before GC invocations=7 (full 0):
 garbage-first heap   total 131072K, used 76959K [0x0000000080e00000, 0x0000000100000000)
  region size 1024K, 63 young (64512K), 8 survivors (8192K)
 Metaspace       used 41012K, capacity 42193K, committed 42268K, reserved 1085440K
  class space    used 4962K, capacity 5440K, committed 5504K, reserved 1048576K
}
Event: 56.446 GC heap after
{Heap after GC invocations=8 (full 0):
 garbage-first heap   total 131072K, used 26148K [0x0000000080e00000, 0x0000000100000000)
  region size 1024K, 4 young (4096K), 4 survivors (4096K)
 Metaspace       used 41012K, capacity 42193K, committed 42268K, reserved 1085440K
  class space    used 4962K, capacity 5440K, committed 5504K, reserved 1048576K
}
Event: 44831.918 GC heap before
{Heap before GC invocations=8 (full 0):
 garbage-first heap   total 131072K, used 82468K [0x0000000080e00000, 0x0000000100000000)
  region size 1024K, 60 young (61440K), 4 survivors (4096K)
 Metaspace       used 41605K, capacity 42861K, committed 43164K, reserved 1087488K
  class space    used 5066K, capacity 5578K, committed 5632K, reserved 1048576K
}
Event: 44832.400 GC heap after
{Heap after GC invocations=9 (full 0):
 garbage-first heap   total 131072K, used 26549K [0x0000000080e00000, 0x0000000100000000)
  region size 1024K, 5 young (5120K), 5 survivors (5120K)
 Metaspace       used 41605K, capacity 42861K, committed 43164K, reserved 1087488K
  class space    used 5066K, capacity 5578K, committed 5632K, reserved 1048576K
}

